<?xml version="1.0" encoding="UTF-8"?>
<!-- Generated by org.testng.reporters.JUnitReportReporter -->
<testsuite hostname="HMECL007182" failures="0" tests="2" name="com.ui.test.LoginTest" time="14.540" errors="0" timestamp="2025-07-08T23:31:06 IST" skipped="0">
  <testcase classname="com.ui.test.LoginTest" name="verifyLoginWithInvalidCredentials" time="6.907"/>
  <testcase classname="com.ui.test.LoginTest" name="verifyLoginWithValidCredentials" time="7.633"/>
</testsuite> <!-- com.ui.test.LoginTest -->
